Build started 5/7/2016 12:56:15 PM.
Project "C:\Users\kyra\Desktop\A250_P2B_WeNeedAGoodGrade - C++11\Project\Project.vcxproj" on node 2 (Build target(s)).
ClCompile:
  C:\Program Files (x86)\Microsoft Visual Studio 12.0\VC\bin\CL.exe /c /ZI /nologo /W3 /WX- /sdl /Od /Oy- /D _MBCS /Gm /EHsc /RTC1 /MDd /GS /fp:precise /Zc:wchar_t /Zc:forScope /Fo"Debug\\" /Fd"Debug\vc120.pdb" /Gd /TP /analyze- /errorReport:prompt CandidateList.cpp CandidateType.cpp Main.cpp PersonType.cpp
  PersonType.cpp
  Main.cpp
  CandidateList.cpp
  Generating Code...
  Compiling...
  CandidateType.cpp
  Generating Code...
Link:
  C:\Program Files (x86)\Microsoft Visual Studio 12.0\VC\bin\link.exe /ERRORREPORT:PROMPT /OUT:"C:\Users\kyra\Desktop\A250_P2B_WeNeedAGoodGrade - C++11\Debug\Project.exe" /INCREMENTAL /NOLOGO kernel32.lib user32.lib gdi32.lib winspool.lib comdlg32.lib advapi32.lib shell32.lib ole32.lib oleaut32.lib uuid.lib odbc32.lib odbccp32.lib /MANIFEST /MANIFESTUAC:"level='asInvoker' uiAccess='false'" /manifest:embed /DEBUG /PDB:"C:\Users\kyra\Desktop\A250_P2B_WeNeedAGoodGrade - C++11\Debug\Project.pdb" /TLBID:1 /DYNAMICBASE /NXCOMPAT /IMPLIB:"C:\Users\kyra\Desktop\A250_P2B_WeNeedAGoodGrade - C++11\Debug\Project.lib" /MACHINE:X86 Debug\CandidateList.obj
  Debug\CandidateType.obj
  Debug\Main.obj
  Debug\PersonType.obj
  Project.vcxproj -> C:\Users\kyra\Desktop\A250_P2B_WeNeedAGoodGrade - C++11\Debug\Project.exe
Done Building Project "C:\Users\kyra\Desktop\A250_P2B_WeNeedAGoodGrade - C++11\Project\Project.vcxproj" (Build target(s)).

Build succeeded.

Time Elapsed 00:00:03.84
